Thu Jan 24 2019 22:11:08 GMT-0800 (Pacific Standard Time): GET /about
Thu Jan 24 2019 22:11:16 GMT-0800 (Pacific Standard Time): GET /about
Thu Jan 24 2019 22:11:23 GMT-0800 (Pacific Standard Time): GET /
Thu Jan 24 2019 22:11:24 GMT-0800 (Pacific Standard Time): GET /about
Thu Jan 24 2019 22:11:25 GMT-0800 (Pacific Standard Time): GET /
Thu Jan 24 2019 22:11:25 GMT-0800 (Pacific Standard Time): GET /about
Thu Jan 24 2019 22:11:26 GMT-0800 (Pacific Standard Time): GET /
Thu Jan 24 2019 22:18:31 GMT-0800 (Pacific Standard Time): GET /
Thu Jan 24 2019 22:18:36 GMT-0800 (Pacific Standard Time): GET /about
Thu Jan 24 2019 22:18:40 GMT-0800 (Pacific Standard Time): GET /
Thu Jan 24 2019 22:24:00 GMT-0800 (Pacific Standard Time): GET /
Thu Jan 24 2019 23:53:57 GMT-0800 (Pacific Standard Time): GET /about
Thu Jan 24 2019 23:54:00 GMT-0800 (Pacific Standard Time): GET /
Sun Jan 27 2019 15:16:49 GMT-0800 (Pacific Standard Time): GET /
Sun Jan 27 2019 15:16:51 GMT-0800 (Pacific Standard Time): GET /
Sun Jan 27 2019 15:16:52 GMT-0800 (Pacific Standard Time): GET /about
Sun Jan 27 2019 15:16:53 GMT-0800 (Pacific Standard Time): GET /
Sun Jan 27 2019 15:16:56 GMT-0800 (Pacific Standard Time): GET /about
Sun Jan 27 2019 15:16:57 GMT-0800 (Pacific Standard Time): GET /
Sun Jan 27 2019 15:16:58 GMT-0800 (Pacific Standard Time): GET /about
Sun Jan 27 2019 15:16:59 GMT-0800 (Pacific Standard Time): GET /
Sun Jan 27 2019 15:17:00 GMT-0800 (Pacific Standard Time): GET /about
Sun Jan 27 2019 15:17:20 GMT-0800 (Pacific Standard Time): GET /about
Sun Jan 27 2019 15:19:36 GMT-0800 (Pacific Standard Time): GET /projects
Sun Jan 27 2019 15:19:40 GMT-0800 (Pacific Standard Time): GET /project
Sun Jan 27 2019 15:19:54 GMT-0800 (Pacific Standard Time): GET /project
Sun Jan 27 2019 15:19:57 GMT-0800 (Pacific Standard Time): GET /projects
Sun Jan 27 2019 15:20:05 GMT-0800 (Pacific Standard Time): GET /projects
Sun Jan 27 2019 15:21:31 GMT-0800 (Pacific Standard Time): GET /projects
Sun Jan 27 2019 15:21:32 GMT-0800 (Pacific Standard Time): GET /projects
Sun Jan 27 2019 15:22:07 GMT-0800 (Pacific Standard Time): GET /
Sun Jan 27 2019 15:22:12 GMT-0800 (Pacific Standard Time): GET /projects
Sun Jan 27 2019 15:22:26 GMT-0800 (Pacific Standard Time): GET /about
Sun Jan 27 2019 15:22:26 GMT-0800 (Pacific Standard Time): GET /
Sun Jan 27 2019 15:22:51 GMT-0800 (Pacific Standard Time): GET /
Sun Jan 27 2019 15:22:54 GMT-0800 (Pacific Standard Time): GET /
Sun Jan 27 2019 15:23:04 GMT-0800 (Pacific Standard Time): GET /
Sun Jan 27 2019 15:23:05 GMT-0800 (Pacific Standard Time): GET /
Sun Jan 27 2019 15:23:05 GMT-0800 (Pacific Standard Time): GET /
Sun Jan 27 2019 15:23:14 GMT-0800 (Pacific Standard Time): GET /
Sun Jan 27 2019 15:23:16 GMT-0800 (Pacific Standard Time): GET /projects
Sun Jan 27 2019 15:23:18 GMT-0800 (Pacific Standard Time): GET /about
Sun Jan 27 2019 15:23:18 GMT-0800 (Pacific Standard Time): GET /
Sun Jan 27 2019 15:23:19 GMT-0800 (Pacific Standard Time): GET /projects
Sun Jan 27 2019 15:23:20 GMT-0800 (Pacific Standard Time): GET /about
Sun Jan 27 2019 15:23:20 GMT-0800 (Pacific Standard Time): GET /
